1350401822|2012-10-16 16:37:02|Warning: include(path/to/show_news.php): failed to open stream: No such file or directory; D:\Download\UNI\UniServer\www\WWW\kydonia\index.php:84;
1350401822|2012-10-16 16:37:02|Warning: include(): Failed opening 'path/to/show_news.php' for inclusion (include_path='.;D:/Download/UNI/UniServer/usr/local/php/includes;D:/Download/UNI/UniServer/usr/local/php/pear;D:/Download/UNI/UniServer/home/admin/www/plugins/pear/PEAR'); D:\Download\UNI\UniServer\www\WWW\kydonia\index.php:84;
1350401822|2012-10-16 16:37:02|Warning: include(path/to/show_news.php): failed to open stream: No such file or directory; D:\Download\UNI\UniServer\www\WWW\kydonia\index.php:87;
1350401822|2012-10-16 16:37:02|Warning: include(): Failed opening 'path/to/show_news.php' for inclusion (include_path='.;D:/Download/UNI/UniServer/usr/local/php/includes;D:/Download/UNI/UniServer/usr/local/php/pear;D:/Download/UNI/UniServer/home/admin/www/plugins/pear/PEAR'); D:\Download\UNI\UniServer\www\WWW\kydonia\index.php:87;
1350598252|2012-10-18 23:10:52|Warning: func_get_arg():  Argument 3 not passed to function; \core\core.php:1823;
1350742617|2012-10-20 15:16:57|Warning: func_get_arg():  Argument 3 not passed to function; \core\core.php:1823;
1350915708|2012-10-22 15:21:48|Warning: include(support.php): failed to open stream: No such file or directory; D:\Download\UNI\UniServer\www\WWW\kydonia\index.php:84;
1350915708|2012-10-22 15:21:48|Warning: include(): Failed opening 'support.php' for inclusion (include_path='.;D:/Download/UNI/UniServer/usr/local/php/includes;D:/Download/UNI/UniServer/usr/local/php/pear;D:/Download/UNI/UniServer/home/admin/www/plugins/pear/PEAR'); D:\Download\UNI\UniServer\www\WWW\kydonia\index.php:84;
1350915777|2012-10-22 15:22:57|Warning: include(support.php): failed to open stream: No such file or directory; D:\Download\UNI\UniServer\www\WWW\kydonia\index.php:84;
1350915777|2012-10-22 15:22:57|Warning: include(): Failed opening 'support.php' for inclusion (include_path='.;D:/Download/UNI/UniServer/usr/local/php/includes;D:/Download/UNI/UniServer/usr/local/php/pear;D:/Download/UNI/UniServer/home/admin/www/plugins/pear/PEAR'); D:\Download\UNI\UniServer\www\WWW\kydonia\index.php:84;
1350915788|2012-10-22 15:23:08|Warning: include(support.php): failed to open stream: No such file or directory; D:\Download\UNI\UniServer\www\WWW\kydonia\index.php:84;
1350915788|2012-10-22 15:23:08|Warning: include(): Failed opening 'support.php' for inclusion (include_path='.;D:/Download/UNI/UniServer/usr/local/php/includes;D:/Download/UNI/UniServer/usr/local/php/pear;D:/Download/UNI/UniServer/home/admin/www/plugins/pear/PEAR'); D:\Download\UNI\UniServer\www\WWW\kydonia\index.php:84;
1350915809|2012-10-22 15:23:29|Warning: include(support.php): failed to open stream: No such file or directory; D:\Download\UNI\UniServer\www\WWW\kydonia\index.php:84;
1350915809|2012-10-22 15:23:29|Warning: include(): Failed opening 'support.php' for inclusion (include_path='.;D:/Download/UNI/UniServer/usr/local/php/includes;D:/Download/UNI/UniServer/usr/local/php/pear;D:/Download/UNI/UniServer/home/admin/www/plugins/pear/PEAR'); D:\Download\UNI\UniServer\www\WWW\kydonia\index.php:84;
1350915821|2012-10-22 15:23:41|Warning: include(support.php): failed to open stream: No such file or directory; D:\Download\UNI\UniServer\www\WWW\kydonia\index.php:84;
1350915821|2012-10-22 15:23:41|Warning: include(): Failed opening 'support.php' for inclusion (include_path='.;D:/Download/UNI/UniServer/usr/local/php/includes;D:/Download/UNI/UniServer/usr/local/php/pear;D:/Download/UNI/UniServer/home/admin/www/plugins/pear/PEAR'); D:\Download\UNI\UniServer\www\WWW\kydonia\index.php:84;
1350916354|2012-10-22 15:32:34|Warning: include(vote1.php): failed to open stream: No such file or directory; D:\Download\UNI\UniServer\www\WWW\kydonia\index.php:82;
1350916354|2012-10-22 15:32:34|Warning: include(): Failed opening 'vote1.php' for inclusion (include_path='.;D:/Download/UNI/UniServer/usr/local/php/includes;D:/Download/UNI/UniServer/usr/local/php/pear;D:/Download/UNI/UniServer/home/admin/www/plugins/pear/PEAR'); D:\Download\UNI\UniServer\www\WWW\kydonia\index.php:82;
1350916379|2012-10-22 15:32:59|Warning: include(vote1.php): failed to open stream: No such file or directory; D:\Download\UNI\UniServer\www\WWW\kydonia\index.php:82;
1350916380|2012-10-22 15:33:00|Warning: include(): Failed opening 'vote1.php' for inclusion (include_path='.;D:/Download/UNI/UniServer/usr/local/php/includes;D:/Download/UNI/UniServer/usr/local/php/pear;D:/Download/UNI/UniServer/home/admin/www/plugins/pear/PEAR'); D:\Download\UNI\UniServer\www\WWW\kydonia\index.php:82;
1350916456|2012-10-22 15:34:16|Warning: include(vote1.php): failed to open stream: No such file or directory; D:\Download\UNI\UniServer\www\WWW\kydonia\index.php:85;
1350916456|2012-10-22 15:34:16|Warning: include(): Failed opening 'vote1.php' for inclusion (include_path='.;D:/Download/UNI/UniServer/usr/local/php/includes;D:/Download/UNI/UniServer/usr/local/php/pear;D:/Download/UNI/UniServer/home/admin/www/plugins/pear/PEAR'); D:\Download\UNI\UniServer\www\WWW\kydonia\index.php:85;
1350916465|2012-10-22 15:34:25|Warning: include(vote1.php): failed to open stream: No such file or directory; D:\Download\UNI\UniServer\www\WWW\kydonia\index.php:85;
1350916465|2012-10-22 15:34:25|Warning: include(): Failed opening 'vote1.php' for inclusion (include_path='.;D:/Download/UNI/UniServer/usr/local/php/includes;D:/Download/UNI/UniServer/usr/local/php/pear;D:/Download/UNI/UniServer/home/admin/www/plugins/pear/PEAR'); D:\Download\UNI\UniServer\www\WWW\kydonia\index.php:85;
1350916471|2012-10-22 15:34:31|Warning: include(vote1.php): failed to open stream: No such file or directory; D:\Download\UNI\UniServer\www\WWW\kydonia\index.php:85;
1350916471|2012-10-22 15:34:31|Warning: include(): Failed opening 'vote1.php' for inclusion (include_path='.;D:/Download/UNI/UniServer/usr/local/php/includes;D:/Download/UNI/UniServer/usr/local/php/pear;D:/Download/UNI/UniServer/home/admin/www/plugins/pear/PEAR'); D:\Download\UNI\UniServer\www\WWW\kydonia\index.php:85;
1350916476|2012-10-22 15:34:36|Warning: include(vote1.php): failed to open stream: No such file or directory; D:\Download\UNI\UniServer\www\WWW\kydonia\index.php:85;
1350916476|2012-10-22 15:34:36|Warning: include(): Failed opening 'vote1.php' for inclusion (include_path='.;D:/Download/UNI/UniServer/usr/local/php/includes;D:/Download/UNI/UniServer/usr/local/php/pear;D:/Download/UNI/UniServer/home/admin/www/plugins/pear/PEAR'); D:\Download\UNI\UniServer\www\WWW\kydonia\index.php:85;
1350917318|2012-10-22 15:48:38|Warning: include(video.php): failed to open stream: No such file or directory; D:\Download\UNI\UniServer\www\WWW\kydonia\index.php:98;
1350917318|2012-10-22 15:48:38|Warning: include(): Failed opening 'video.php' for inclusion (include_path='.;D:/Download/UNI/UniServer/usr/local/php/includes;D:/Download/UNI/UniServer/usr/local/php/pear;D:/Download/UNI/UniServer/home/admin/www/plugins/pear/PEAR'); D:\Download\UNI\UniServer\www\WWW\kydonia\index.php:98;
1351345322|2012-10-27 14:42:02|Warning: func_get_arg():  Argument 3 not passed to function; \core\core.php:1823;
1351347486|2012-10-27 15:18:06|Warning: func_get_arg():  Argument 3 not passed to function; \core\core.php:1823;
1352054802|2012-11-04 18:46:42|Warning: include(/skins/base_skin/install/copy/Default.tpl) [<a href='function.include'>function.include</a>]: failed to open stream: No such file or directory; /core/loadenv.php:56;
1352054802|2012-11-04 18:46:42|Warning: include(/skins/base_skin/install/copy/Default.tpl) [<a href='function.include'>function.include</a>]: failed to open stream: No such file or directory; /core/loadenv.php:56;
1352054802|2012-11-04 18:46:42|Warning: include() [<a href='function.include'>function.include</a>]: Failed opening '/skins/base_skin/install/copy/Default.tpl' for inclusion (include_path='.:/usr/lib/php:/usr/local/lib/php'); /core/loadenv.php:56;
1352057954|2012-11-04 19:39:14|Warning: include(video.php) [<a href='function.include'>function.include</a>]: failed to open stream: No such file or directory; /home/u431866732/public_html/index.php:96;
1352057954|2012-11-04 19:39:14|Warning: include(video.php) [<a href='function.include'>function.include</a>]: failed to open stream: No such file or directory; /home/u431866732/public_html/index.php:96;
1352057954|2012-11-04 19:39:14|Warning: include(video.php) [<a href='function.include'>function.include</a>]: failed to open stream: No such file or directory; /home/u431866732/public_html/index.php:96;
1352057954|2012-11-04 19:39:14|Warning: include() [<a href='function.include'>function.include</a>]: Failed opening 'video.php' for inclusion (include_path='.:/usr/lib/php:/usr/local/lib/php'); /home/u431866732/public_html/index.php:96;
1352058034|2012-11-04 19:40:34|Warning: include(video.php) [<a href='function.include'>function.include</a>]: failed to open stream: No such file or directory; /home/u431866732/public_html/index.php:96;
1352058034|2012-11-04 19:40:34|Warning: include(video.php) [<a href='function.include'>function.include</a>]: failed to open stream: No such file or directory; /home/u431866732/public_html/index.php:96;
1352058034|2012-11-04 19:40:34|Warning: include(video.php) [<a href='function.include'>function.include</a>]: failed to open stream: No such file or directory; /home/u431866732/public_html/index.php:96;
1352058034|2012-11-04 19:40:34|Warning: include() [<a href='function.include'>function.include</a>]: Failed opening 'video.php' for inclusion (include_path='.:/usr/lib/php:/usr/local/lib/php'); /home/u431866732/public_html/index.php:96;
1352058754|2012-11-04 19:52:34|Warning: func_get_arg():  Argument 3 not passed to function; /core/core.php:1823;
1352058758|2012-11-04 19:52:38|Warning: disk_free_space() [<a href='function.disk-free-space'>function.disk-free-space</a>]: open_basedir restriction in effect. File(/) is not within the allowed path(s): (/home/u431866732:/usr/lib/php:/tmp); /inc/main.php:262;
1352058758|2012-11-04 19:52:38|Warning: disk_total_space() [<a href='function.disk-total-space'>function.disk-total-space</a>]: open_basedir restriction in effect. File(/) is not within the allowed path(s): (/home/u431866732:/usr/lib/php:/tmp); /inc/main.php:262;
1352058758|2012-11-04 19:52:38|Warning: Division by zero; /inc/main.php:262;
1352059682|2012-11-04 20:08:02|Warning: disk_free_space() [<a href='function.disk-free-space'>function.disk-free-space</a>]: open_basedir restriction in effect. File(/) is not within the allowed path(s): (/home/u431866732:/usr/lib/php:/tmp); /inc/main.php:262;
1352059682|2012-11-04 20:08:02|Warning: disk_total_space() [<a href='function.disk-total-space'>function.disk-total-space</a>]: open_basedir restriction in effect. File(/) is not within the allowed path(s): (/home/u431866732:/usr/lib/php:/tmp); /inc/main.php:262;
1352059682|2012-11-04 20:08:02|Warning: Division by zero; /inc/main.php:262;
1352060305|2012-11-04 20:18:25|Warning: disk_free_space() [<a href='function.disk-free-space'>function.disk-free-space</a>]: open_basedir restriction in effect. File(/) is not within the allowed path(s): (/home/u431866732:/usr/lib/php:/tmp); /inc/main.php:262;
1352060305|2012-11-04 20:18:25|Warning: disk_total_space() [<a href='function.disk-total-space'>function.disk-total-space</a>]: open_basedir restriction in effect. File(/) is not within the allowed path(s): (/home/u431866732:/usr/lib/php:/tmp); /inc/main.php:262;
1352060305|2012-11-04 20:18:25|Warning: Division by zero; /inc/main.php:262;
1352513298|2012-11-10 02:08:18|Warning: func_get_arg():  Argument 3 not passed to function; /core/core.php:1823;
1352513303|2012-11-10 02:08:23|Warning: func_get_arg():  Argument 3 not passed to function; /core/core.php:1823;
1352513307|2012-11-10 02:08:27|Warning: func_get_arg():  Argument 3 not passed to function; /core/core.php:1823;
1352513315|2012-11-10 02:08:35|Warning: disk_free_space() [<a href='function.disk-free-space'>function.disk-free-space</a>]: open_basedir restriction in effect. File(/) is not within the allowed path(s): (/home/u431866732:/usr/lib/php:/tmp); /inc/main.php:262;
1352513315|2012-11-10 02:08:35|Warning: disk_total_space() [<a href='function.disk-total-space'>function.disk-total-space</a>]: open_basedir restriction in effect. File(/) is not within the allowed path(s): (/home/u431866732:/usr/lib/php:/tmp); /inc/main.php:262;
1352513315|2012-11-10 02:08:35|Warning: Division by zero; /inc/main.php:262;
1352514029|2012-11-10 02:20:29|Warning: disk_free_space() [<a href='function.disk-free-space'>function.disk-free-space</a>]: open_basedir restriction in effect. File(/) is not within the allowed path(s): (/home/u431866732:/usr/lib/php:/tmp); /inc/main.php:262;
1352514029|2012-11-10 02:20:29|Warning: disk_total_space() [<a href='function.disk-total-space'>function.disk-total-space</a>]: open_basedir restriction in effect. File(/) is not within the allowed path(s): (/home/u431866732:/usr/lib/php:/tmp); /inc/main.php:262;
1352514029|2012-11-10 02:20:29|Warning: Division by zero; /inc/main.php:262;
1352556203|2012-11-10 14:03:23|Warning: func_get_arg():  Argument 3 not passed to function; /core/core.php:1823;
1352556208|2012-11-10 14:03:28|Warning: func_get_arg():  Argument 3 not passed to function; /core/core.php:1823;
1352556212|2012-11-10 14:03:32|Warning: func_get_arg():  Argument 3 not passed to function; /core/core.php:1823;
1352556224|2012-11-10 14:03:44|Warning: func_get_arg():  Argument 3 not passed to function; /core/core.php:1823;
1352556231|2012-11-10 14:03:51|Warning: func_get_arg():  Argument 3 not passed to function; /core/core.php:1823;
1352571970|2012-11-10 18:26:10|Warning: disk_free_space() [<a href='function.disk-free-space'>function.disk-free-space</a>]: open_basedir restriction in effect. File(/) is not within the allowed path(s): (/home/u431866732:/usr/lib/php:/tmp); /inc/main.php:262;
1352571970|2012-11-10 18:26:10|Warning: disk_total_space() [<a href='function.disk-total-space'>function.disk-total-space</a>]: open_basedir restriction in effect. File(/) is not within the allowed path(s): (/home/u431866732:/usr/lib/php:/tmp); /inc/main.php:262;
1352571970|2012-11-10 18:26:10|Warning: Division by zero; /inc/main.php:262;
1352574007|2012-11-10 19:00:07|Warning: disk_free_space() [<a href='function.disk-free-space'>function.disk-free-space</a>]: open_basedir restriction in effect. File(/) is not within the allowed path(s): (/home/u431866732:/usr/lib/php:/tmp); /inc/main.php:262;
1352574007|2012-11-10 19:00:07|Warning: disk_total_space() [<a href='function.disk-total-space'>function.disk-total-space</a>]: open_basedir restriction in effect. File(/) is not within the allowed path(s): (/home/u431866732:/usr/lib/php:/tmp); /inc/main.php:262;
1352574007|2012-11-10 19:00:07|Warning: Division by zero; /inc/main.php:262;
1352590782|2012-11-10 23:39:42|Warning: func_get_arg():  Argument 3 not passed to function; /core/core.php:1823;
1352590786|2012-11-10 23:39:46|Warning: func_get_arg():  Argument 3 not passed to function; /core/core.php:1823;
1352590791|2012-11-10 23:39:51|Warning: func_get_arg():  Argument 3 not passed to function; /core/core.php:1823;
1352590797|2012-11-10 23:39:57|Warning: disk_free_space() [<a href='function.disk-free-space'>function.disk-free-space</a>]: open_basedir restriction in effect. File(/) is not within the allowed path(s): (/home/u431866732:/usr/lib/php:/tmp); /inc/main.php:262;
1352590797|2012-11-10 23:39:57|Warning: disk_total_space() [<a href='function.disk-total-space'>function.disk-total-space</a>]: open_basedir restriction in effect. File(/) is not within the allowed path(s): (/home/u431866732:/usr/lib/php:/tmp); /inc/main.php:262;
1352590797|2012-11-10 23:39:57|Warning: Division by zero; /inc/main.php:262;
1352630038|2012-11-11 10:33:58|Warning: func_get_arg():  Argument 3 not passed to function; /core/core.php:1823;
1352630041|2012-11-11 10:34:01|Warning: func_get_arg():  Argument 3 not passed to function; /core/core.php:1823;
1352630049|2012-11-11 10:34:09|Warning: disk_free_space() [<a href='function.disk-free-space'>function.disk-free-space</a>]: open_basedir restriction in effect. File(/) is not within the allowed path(s): (/home/u431866732:/usr/lib/php:/tmp); /inc/main.php:262;
1352630049|2012-11-11 10:34:09|Warning: disk_total_space() [<a href='function.disk-total-space'>function.disk-total-space</a>]: open_basedir restriction in effect. File(/) is not within the allowed path(s): (/home/u431866732:/usr/lib/php:/tmp); /inc/main.php:262;
1352630049|2012-11-11 10:34:09|Warning: Division by zero; /inc/main.php:262;
1352665001|2012-11-11 20:16:41|Warning: disk_free_space() [<a href='function.disk-free-space'>function.disk-free-space</a>]: open_basedir restriction in effect. File(/) is not within the allowed path(s): (/home/u431866732:/usr/lib/php:/tmp); /inc/main.php:262;
1352665001|2012-11-11 20:16:41|Warning: disk_total_space() [<a href='function.disk-total-space'>function.disk-total-space</a>]: open_basedir restriction in effect. File(/) is not within the allowed path(s): (/home/u431866732:/usr/lib/php:/tmp); /inc/main.php:262;
1352665001|2012-11-11 20:16:41|Warning: Division by zero; /inc/main.php:262;
1352665075|2012-11-11 20:17:55|Warning: disk_free_space() [<a href='function.disk-free-space'>function.disk-free-space</a>]: open_basedir restriction in effect. File(/) is not within the allowed path(s): (/home/u431866732:/usr/lib/php:/tmp); /inc/main.php:262;
1352665075|2012-11-11 20:17:55|Warning: disk_total_space() [<a href='function.disk-total-space'>function.disk-total-space</a>]: open_basedir restriction in effect. File(/) is not within the allowed path(s): (/home/u431866732:/usr/lib/php:/tmp); /inc/main.php:262;
1352665075|2012-11-11 20:17:55|Warning: Division by zero; /inc/main.php:262;
1352665135|2012-11-11 20:18:55|Warning: disk_free_space() [<a href='function.disk-free-space'>function.disk-free-space</a>]: open_basedir restriction in effect. File(/) is not within the allowed path(s): (/home/u431866732:/usr/lib/php:/tmp); /inc/main.php:262;
1352665135|2012-11-11 20:18:55|Warning: disk_total_space() [<a href='function.disk-total-space'>function.disk-total-space</a>]: open_basedir restriction in effect. File(/) is not within the allowed path(s): (/home/u431866732:/usr/lib/php:/tmp); /inc/main.php:262;
1352665135|2012-11-11 20:18:55|Warning: Division by zero; /inc/main.php:262;
1352727538|2012-11-12 13:38:58|Warning: disk_free_space() [<a href='function.disk-free-space'>function.disk-free-space</a>]: open_basedir restriction in effect. File(/) is not within the allowed path(s): (/home/u431866732:/usr/lib/php:/tmp); /inc/main.php:262;
1352727538|2012-11-12 13:38:58|Warning: disk_total_space() [<a href='function.disk-total-space'>function.disk-total-space</a>]: open_basedir restriction in effect. File(/) is not within the allowed path(s): (/home/u431866732:/usr/lib/php:/tmp); /inc/main.php:262;
1352727538|2012-11-12 13:38:58|Warning: Division by zero; /inc/main.php:262;
1352728634|2012-11-12 13:57:14|Warning: disk_free_space() [<a href='function.disk-free-space'>function.disk-free-space</a>]: open_basedir restriction in effect. File(/) is not within the allowed path(s): (/home/u431866732:/usr/lib/php:/tmp); /inc/main.php:262;
1352728634|2012-11-12 13:57:14|Warning: disk_total_space() [<a href='function.disk-total-space'>function.disk-total-space</a>]: open_basedir restriction in effect. File(/) is not within the allowed path(s): (/home/u431866732:/usr/lib/php:/tmp); /inc/main.php:262;
1352728634|2012-11-12 13:57:14|Warning: Division by zero; /inc/main.php:262;
1352730077|2012-11-12 14:21:17|Warning: disk_free_space() [<a href='function.disk-free-space'>function.disk-free-space</a>]: open_basedir restriction in effect. File(/) is not within the allowed path(s): (/home/u431866732:/usr/lib/php:/tmp); /inc/main.php:262;
1352730077|2012-11-12 14:21:17|Warning: disk_total_space() [<a href='function.disk-total-space'>function.disk-total-space</a>]: open_basedir restriction in effect. File(/) is not within the allowed path(s): (/home/u431866732:/usr/lib/php:/tmp); /inc/main.php:262;
1352730077|2012-11-12 14:21:17|Warning: Division by zero; /inc/main.php:262;
1352730221|2012-11-12 14:23:41|Warning: disk_free_space() [<a href='function.disk-free-space'>function.disk-free-space</a>]: open_basedir restriction in effect. File(/) is not within the allowed path(s): (/home/u431866732:/usr/lib/php:/tmp); /inc/main.php:262;
1352730221|2012-11-12 14:23:41|Warning: disk_total_space() [<a href='function.disk-total-space'>function.disk-total-space</a>]: open_basedir restriction in effect. File(/) is not within the allowed path(s): (/home/u431866732:/usr/lib/php:/tmp); /inc/main.php:262;
1352730221|2012-11-12 14:23:41|Warning: Division by zero; /inc/main.php:262;
1353706041|2012-11-23 21:27:21|Warning: disk_free_space() [<a href='function.disk-free-space'>function.disk-free-space</a>]: open_basedir restriction in effect. File(/) is not within the allowed path(s): (/home/u431866732:/usr/lib/php:/tmp); /inc/main.php:262;
1353706041|2012-11-23 21:27:21|Warning: disk_total_space() [<a href='function.disk-total-space'>function.disk-total-space</a>]: open_basedir restriction in effect. File(/) is not within the allowed path(s): (/home/u431866732:/usr/lib/php:/tmp); /inc/main.php:262;
1353706041|2012-11-23 21:27:21|Warning: Division by zero; /inc/main.php:262;
1354478135|2012-12-02 19:55:35|Warning: disk_free_space() [<a href='function.disk-free-space'>function.disk-free-space</a>]: open_basedir restriction in effect. File(/) is not within the allowed path(s): (/home/u431866732:/usr/lib/php:/tmp); /inc/main.php:262;
1354478135|2012-12-02 19:55:35|Warning: disk_total_space() [<a href='function.disk-total-space'>function.disk-total-space</a>]: open_basedir restriction in effect. File(/) is not within the allowed path(s): (/home/u431866732:/usr/lib/php:/tmp); /inc/main.php:262;
1354478135|2012-12-02 19:55:35|Warning: Division by zero; /inc/main.php:262;
1356342377|2012-12-24 09:46:17|Warning: func_get_arg():  Argument 3 not passed to function; /core/core.php:1823;
1356342385|2012-12-24 09:46:25|Warning: disk_free_space() [<a href='function.disk-free-space'>function.disk-free-space</a>]: open_basedir restriction in effect. File(/) is not within the allowed path(s): (/home/u431866732:/usr/lib/php:/tmp); /inc/main.php:262;
1356342385|2012-12-24 09:46:25|Warning: disk_total_space() [<a href='function.disk-total-space'>function.disk-total-space</a>]: open_basedir restriction in effect. File(/) is not within the allowed path(s): (/home/u431866732:/usr/lib/php:/tmp); /inc/main.php:262;
1356342385|2012-12-24 09:46:25|Warning: Division by zero; /inc/main.php:262;
1356342390|2012-12-24 09:46:30|Warning: disk_free_space() [<a href='function.disk-free-space'>function.disk-free-space</a>]: open_basedir restriction in effect. File(/) is not within the allowed path(s): (/home/u431866732:/usr/lib/php:/tmp); /inc/main.php:262;
1356342390|2012-12-24 09:46:30|Warning: disk_total_space() [<a href='function.disk-total-space'>function.disk-total-space</a>]: open_basedir restriction in effect. File(/) is not within the allowed path(s): (/home/u431866732:/usr/lib/php:/tmp); /inc/main.php:262;
1356342390|2012-12-24 09:46:30|Warning: Division by zero; /inc/main.php:262;
1356342558|2012-12-24 09:49:18|Warning: func_get_arg():  Argument 3 not passed to function; /core/core.php:1823;
1356342564|2012-12-24 09:49:24|Warning: disk_free_space() [<a href='function.disk-free-space'>function.disk-free-space</a>]: open_basedir restriction in effect. File(/) is not within the allowed path(s): (/home/u431866732:/usr/lib/php:/tmp); /inc/main.php:262;
1356342564|2012-12-24 09:49:24|Warning: disk_total_space() [<a href='function.disk-total-space'>function.disk-total-space</a>]: open_basedir restriction in effect. File(/) is not within the allowed path(s): (/home/u431866732:/usr/lib/php:/tmp); /inc/main.php:262;
1356342564|2012-12-24 09:49:24|Warning: Division by zero; /inc/main.php:262;
1430871267|2015-05-06 01:14:27|Warning: date() expects parameter 2 to be long, string given; /inc/main.php:35;
1430871267|2015-05-06 01:14:27|Warning: date() expects parameter 2 to be long, string given; /inc/main.php:35;
1430871279|2015-05-06 01:14:39|Warning: date() expects parameter 2 to be long, string given; /inc/editnews.php:80;
1430871279|2015-05-06 01:14:39|Warning: date() expects parameter 2 to be long, string given; /inc/editnews.php:80;
1430871284|2015-05-06 01:14:44|Warning: date() expects parameter 2 to be long, string given; /inc/main.php:35;
1430871284|2015-05-06 01:14:44|Warning: date() expects parameter 2 to be long, string given; /inc/main.php:35;
1430871419|2015-05-06 01:16:59|Warning: func_get_arg():  Argument 3 not passed to function; /core/core.php:1823;
1430871421|2015-05-06 01:17:01|Warning: date() expects parameter 2 to be long, string given; /inc/main.php:35;
1430871421|2015-05-06 01:17:01|Warning: date() expects parameter 2 to be long, string given; /inc/main.php:35;
1430871455|2015-05-06 01:17:35|Warning: date() expects parameter 2 to be long, string given; /inc/editnews.php:80;
1430871455|2015-05-06 01:17:35|Warning: date() expects parameter 2 to be long, string given; /inc/editnews.php:80;
1430871470|2015-05-06 01:17:50|Warning: date() expects parameter 2 to be long, string given; /inc/editnews.php:80;
1430871470|2015-05-06 01:17:50|Warning: date() expects parameter 2 to be long, string given; /inc/editnews.php:80;
1430871480|2015-05-06 01:18:00|Warning: date() expects parameter 2 to be long, string given; /inc/editnews.php:80;
1430871480|2015-05-06 01:18:00|Warning: date() expects parameter 2 to be long, string given; /inc/editnews.php:80;
